[ERROR][2025-04-07T15:24:26.271Z] 未捕获的异常: Error: listen EADDRINUSE: address already in use :::3000
    at Server.setupListenHandle [as _listen2] (node:net:1937:16)
    at listenInCluster (node:net:1994:12)
    at Server.listen (node:net:2099:7)
    at Function.listen (/Users/wangshangyu/AI information/node_modules/express/lib/application.js:635:24)
    at Object.<anonymous> (/Users/wangshangyu/AI information/server.js:1503:5)
    at Module._compile (node:internal/modules/cjs/loader:1562:14)
    at Object..js (node:internal/modules/cjs/loader:1699:10)
    at Module.load (node:internal/modules/cjs/loader:1313:32)
    at Function._load (node:internal/modules/cjs/loader:1123:12)
    at TracingChannel.traceSync (node:diagnostics_channel:322:14)
[ERROR][2025-04-07T15:25:07.069Z] 未捕获的异常: Error: listen EADDRINUSE: address already in use :::3000
    at Server.setupListenHandle [as _listen2] (node:net:1937:16)
    at listenInCluster (node:net:1994:12)
    at Server.listen (node:net:2099:7)
    at Function.listen (/Users/wangshangyu/AI information/node_modules/express/lib/application.js:635:24)
    at Object.<anonymous> (/Users/wangshangyu/AI information/server.js:1503:5)
    at Module._compile (node:internal/modules/cjs/loader:1562:14)
    at Object..js (node:internal/modules/cjs/loader:1699:10)
    at Module.load (node:internal/modules/cjs/loader:1313:32)
    at Function._load (node:internal/modules/cjs/loader:1123:12)
    at TracingChannel.traceSync (node:diagnostics_channel:322:14)
[ERROR][2025-04-07T15:47:36.957Z] 请求的归档日报不存在: 2025-04-06 
[ERROR][2025-04-07T15:59:59.006Z] 获取当前日报时出错: SyntaxError: Expected ',' or '}' after property value in JSON at position 93 (line 5 column 24)
    at JSON.parse (<anonymous>)
    at /Users/wangshangyu/AI information/server.js:1036:29
    at Layer.handle [as handle_request] (/Users/wangshangyu/AI information/node_modules/express/lib/router/layer.js:95:5)
    at next (/Users/wangshangyu/AI information/node_modules/express/lib/router/route.js:149:13)
    at Route.dispatch (/Users/wangshangyu/AI information/node_modules/express/lib/router/route.js:119:3)
    at Layer.handle [as handle_request] (/Users/wangshangyu/AI information/node_modules/express/lib/router/layer.js:95:5)
    at /Users/wangshangyu/AI information/node_modules/express/lib/router/index.js:284:15
    at Function.process_params (/Users/wangshangyu/AI information/node_modules/express/lib/router/index.js:346:12)
    at next (/Users/wangshangyu/AI information/node_modules/express/lib/router/index.js:280:10)
    at SendStream.error (/Users/wangshangyu/AI information/node_modules/serve-static/index.js:121:7)
[ERROR][2025-04-07T16:00:01.222Z] 获取当前日报时出错: SyntaxError: Expected ',' or '}' after property value in JSON at position 93 (line 5 column 24)
    at JSON.parse (<anonymous>)
    at /Users/wangshangyu/AI information/server.js:1036:29
    at Layer.handle [as handle_request] (/Users/wangshangyu/AI information/node_modules/express/lib/router/layer.js:95:5)
    at next (/Users/wangshangyu/AI information/node_modules/express/lib/router/route.js:149:13)
    at Route.dispatch (/Users/wangshangyu/AI information/node_modules/express/lib/router/route.js:119:3)
    at Layer.handle [as handle_request] (/Users/wangshangyu/AI information/node_modules/express/lib/router/layer.js:95:5)
    at /Users/wangshangyu/AI information/node_modules/express/lib/router/index.js:284:15
    at Function.process_params (/Users/wangshangyu/AI information/node_modules/express/lib/router/index.js:346:12)
    at next (/Users/wangshangyu/AI information/node_modules/express/lib/router/index.js:280:10)
    at SendStream.error (/Users/wangshangyu/AI information/node_modules/serve-static/index.js:121:7)
[ERROR][2025-04-07T16:00:01.235Z] 读取当前日报失败，无法获取当前日期: SyntaxError: Expected ',' or '}' after property value in JSON at position 93 (line 5 column 24)
    at JSON.parse (<anonymous>)
    at getArchivedReports (/Users/wangshangyu/AI information/server.js:991:36)
    at /Users/wangshangyu/AI information/server.js:1048:21
    at Layer.handle [as handle_request] (/Users/wangshangyu/AI information/node_modules/express/lib/router/layer.js:95:5)
    at next (/Users/wangshangyu/AI information/node_modules/express/lib/router/route.js:149:13)
    at Route.dispatch (/Users/wangshangyu/AI information/node_modules/express/lib/router/route.js:119:3)
    at Layer.handle [as handle_request] (/Users/wangshangyu/AI information/node_modules/express/lib/router/layer.js:95:5)
    at /Users/wangshangyu/AI information/node_modules/express/lib/router/index.js:284:15
    at Function.process_params (/Users/wangshangyu/AI information/node_modules/express/lib/router/index.js:346:12)
    at next (/Users/wangshangyu/AI information/node_modules/express/lib/router/index.js:280:10)
[ERROR][2025-04-07T16:00:05.712Z] 获取当前日报时出错: SyntaxError: Expected ',' or '}' after property value in JSON at position 93 (line 5 column 24)
    at JSON.parse (<anonymous>)
    at /Users/wangshangyu/AI information/server.js:1036:29
    at Layer.handle [as handle_request] (/Users/wangshangyu/AI information/node_modules/express/lib/router/layer.js:95:5)
    at next (/Users/wangshangyu/AI information/node_modules/express/lib/router/route.js:149:13)
    at Route.dispatch (/Users/wangshangyu/AI information/node_modules/express/lib/router/route.js:119:3)
    at Layer.handle [as handle_request] (/Users/wangshangyu/AI information/node_modules/express/lib/router/layer.js:95:5)
    at /Users/wangshangyu/AI information/node_modules/express/lib/router/index.js:284:15
    at Function.process_params (/Users/wangshangyu/AI information/node_modules/express/lib/router/index.js:346:12)
    at next (/Users/wangshangyu/AI information/node_modules/express/lib/router/index.js:280:10)
    at SendStream.error (/Users/wangshangyu/AI information/node_modules/serve-static/index.js:121:7)
[ERROR][2025-04-07T16:00:05.715Z] 读取当前日报失败，无法获取当前日期: SyntaxError: Expected ',' or '}' after property value in JSON at position 93 (line 5 column 24)
    at JSON.parse (<anonymous>)
    at getArchivedReports (/Users/wangshangyu/AI information/server.js:991:36)
    at /Users/wangshangyu/AI information/server.js:1048:21
    at Layer.handle [as handle_request] (/Users/wangshangyu/AI information/node_modules/express/lib/router/layer.js:95:5)
    at next (/Users/wangshangyu/AI information/node_modules/express/lib/router/route.js:149:13)
    at Route.dispatch (/Users/wangshangyu/AI information/node_modules/express/lib/router/route.js:119:3)
    at Layer.handle [as handle_request] (/Users/wangshangyu/AI information/node_modules/express/lib/router/layer.js:95:5)
    at /Users/wangshangyu/AI information/node_modules/express/lib/router/index.js:284:15
    at Function.process_params (/Users/wangshangyu/AI information/node_modules/express/lib/router/index.js:346:12)
    at next (/Users/wangshangyu/AI information/node_modules/express/lib/router/index.js:280:10)
[ERROR][2025-04-07T16:00:07.948Z] 获取当前日报时出错: SyntaxError: Expected ',' or '}' after property value in JSON at position 93 (line 5 column 24)
    at JSON.parse (<anonymous>)
    at /Users/wangshangyu/AI information/server.js:1036:29
    at Layer.handle [as handle_request] (/Users/wangshangyu/AI information/node_modules/express/lib/router/layer.js:95:5)
    at next (/Users/wangshangyu/AI information/node_modules/express/lib/router/route.js:149:13)
    at Route.dispatch (/Users/wangshangyu/AI information/node_modules/express/lib/router/route.js:119:3)
    at Layer.handle [as handle_request] (/Users/wangshangyu/AI information/node_modules/express/lib/router/layer.js:95:5)
    at /Users/wangshangyu/AI information/node_modules/express/lib/router/index.js:284:15
    at Function.process_params (/Users/wangshangyu/AI information/node_modules/express/lib/router/index.js:346:12)
    at next (/Users/wangshangyu/AI information/node_modules/express/lib/router/index.js:280:10)
    at SendStream.error (/Users/wangshangyu/AI information/node_modules/serve-static/index.js:121:7)
[ERROR][2025-04-07T16:00:07.954Z] 读取当前日报失败，无法获取当前日期: SyntaxError: Expected ',' or '}' after property value in JSON at position 93 (line 5 column 24)
    at JSON.parse (<anonymous>)
    at getArchivedReports (/Users/wangshangyu/AI information/server.js:991:36)
    at /Users/wangshangyu/AI information/server.js:1048:21
    at Layer.handle [as handle_request] (/Users/wangshangyu/AI information/node_modules/express/lib/router/layer.js:95:5)
    at next (/Users/wangshangyu/AI information/node_modules/express/lib/router/route.js:149:13)
    at Route.dispatch (/Users/wangshangyu/AI information/node_modules/express/lib/router/route.js:119:3)
    at Layer.handle [as handle_request] (/Users/wangshangyu/AI information/node_modules/express/lib/router/layer.js:95:5)
    at /Users/wangshangyu/AI information/node_modules/express/lib/router/index.js:284:15
    at Function.process_params (/Users/wangshangyu/AI information/node_modules/express/lib/router/index.js:346:12)
    at next (/Users/wangshangyu/AI information/node_modules/express/lib/router/index.js:280:10)
[ERROR][2025-04-07T16:00:11.638Z] 获取当前日报时出错: SyntaxError: Expected ',' or '}' after property value in JSON at position 93 (line 5 column 24)
    at JSON.parse (<anonymous>)
    at /Users/wangshangyu/AI information/server.js:1036:29
    at Layer.handle [as handle_request] (/Users/wangshangyu/AI information/node_modules/express/lib/router/layer.js:95:5)
    at next (/Users/wangshangyu/AI information/node_modules/express/lib/router/route.js:149:13)
    at Route.dispatch (/Users/wangshangyu/AI information/node_modules/express/lib/router/route.js:119:3)
    at Layer.handle [as handle_request] (/Users/wangshangyu/AI information/node_modules/express/lib/router/layer.js:95:5)
    at /Users/wangshangyu/AI information/node_modules/express/lib/router/index.js:284:15
    at Function.process_params (/Users/wangshangyu/AI information/node_modules/express/lib/router/index.js:346:12)
    at next (/Users/wangshangyu/AI information/node_modules/express/lib/router/index.js:280:10)
    at SendStream.error (/Users/wangshangyu/AI information/node_modules/serve-static/index.js:121:7)
[ERROR][2025-04-07T16:00:11.641Z] 读取当前日报失败，无法获取当前日期: SyntaxError: Expected ',' or '}' after property value in JSON at position 93 (line 5 column 24)
    at JSON.parse (<anonymous>)
    at getArchivedReports (/Users/wangshangyu/AI information/server.js:991:36)
    at /Users/wangshangyu/AI information/server.js:1048:21
    at Layer.handle [as handle_request] (/Users/wangshangyu/AI information/node_modules/express/lib/router/layer.js:95:5)
    at next (/Users/wangshangyu/AI information/node_modules/express/lib/router/route.js:149:13)
    at Route.dispatch (/Users/wangshangyu/AI information/node_modules/express/lib/router/route.js:119:3)
    at Layer.handle [as handle_request] (/Users/wangshangyu/AI information/node_modules/express/lib/router/layer.js:95:5)
    at /Users/wangshangyu/AI information/node_modules/express/lib/router/index.js:284:15
    at Function.process_params (/Users/wangshangyu/AI information/node_modules/express/lib/router/index.js:346:12)
    at next (/Users/wangshangyu/AI information/node_modules/express/lib/router/index.js:280:10)
[ERROR][2025-04-07T16:00:12.792Z] 读取当前日报失败，无法获取当前日期: SyntaxError: Expected ',' or '}' after property value in JSON at position 93 (line 5 column 24)
    at JSON.parse (<anonymous>)
    at getArchivedReports (/Users/wangshangyu/AI information/server.js:991:36)
    at /Users/wangshangyu/AI information/server.js:1048:21
    at Layer.handle [as handle_request] (/Users/wangshangyu/AI information/node_modules/express/lib/router/layer.js:95:5)
    at next (/Users/wangshangyu/AI information/node_modules/express/lib/router/route.js:149:13)
    at Route.dispatch (/Users/wangshangyu/AI information/node_modules/express/lib/router/route.js:119:3)
    at Layer.handle [as handle_request] (/Users/wangshangyu/AI information/node_modules/express/lib/router/layer.js:95:5)
    at /Users/wangshangyu/AI information/node_modules/express/lib/router/index.js:284:15
    at Function.process_params (/Users/wangshangyu/AI information/node_modules/express/lib/router/index.js:346:12)
    at next (/Users/wangshangyu/AI information/node_modules/express/lib/router/index.js:280:10)
[ERROR][2025-04-07T16:00:12.795Z] 获取当前日报时出错: SyntaxError: Expected ',' or '}' after property value in JSON at position 93 (line 5 column 24)
    at JSON.parse (<anonymous>)
    at /Users/wangshangyu/AI information/server.js:1036:29
    at Layer.handle [as handle_request] (/Users/wangshangyu/AI information/node_modules/express/lib/router/layer.js:95:5)
    at next (/Users/wangshangyu/AI information/node_modules/express/lib/router/route.js:149:13)
    at Route.dispatch (/Users/wangshangyu/AI information/node_modules/express/lib/router/route.js:119:3)
    at Layer.handle [as handle_request] (/Users/wangshangyu/AI information/node_modules/express/lib/router/layer.js:95:5)
    at /Users/wangshangyu/AI information/node_modules/express/lib/router/index.js:284:15
    at Function.process_params (/Users/wangshangyu/AI information/node_modules/express/lib/router/index.js:346:12)
    at next (/Users/wangshangyu/AI information/node_modules/express/lib/router/index.js:280:10)
    at SendStream.error (/Users/wangshangyu/AI information/node_modules/serve-static/index.js:121:7)
[ERROR][2025-04-07T16:00:14.288Z] 获取当前日报时出错: SyntaxError: Expected ',' or '}' after property value in JSON at position 93 (line 5 column 24)
    at JSON.parse (<anonymous>)
    at /Users/wangshangyu/AI information/server.js:1036:29
    at Layer.handle [as handle_request] (/Users/wangshangyu/AI information/node_modules/express/lib/router/layer.js:95:5)
    at next (/Users/wangshangyu/AI information/node_modules/express/lib/router/route.js:149:13)
    at Route.dispatch (/Users/wangshangyu/AI information/node_modules/express/lib/router/route.js:119:3)
    at Layer.handle [as handle_request] (/Users/wangshangyu/AI information/node_modules/express/lib/router/layer.js:95:5)
    at /Users/wangshangyu/AI information/node_modules/express/lib/router/index.js:284:15
    at Function.process_params (/Users/wangshangyu/AI information/node_modules/express/lib/router/index.js:346:12)
    at next (/Users/wangshangyu/AI information/node_modules/express/lib/router/index.js:280:10)
    at SendStream.error (/Users/wangshangyu/AI information/node_modules/serve-static/index.js:121:7)
[ERROR][2025-04-07T16:00:14.291Z] 读取当前日报失败，无法获取当前日期: SyntaxError: Expected ',' or '}' after property value in JSON at position 93 (line 5 column 24)
    at JSON.parse (<anonymous>)
    at getArchivedReports (/Users/wangshangyu/AI information/server.js:991:36)
    at /Users/wangshangyu/AI information/server.js:1048:21
    at Layer.handle [as handle_request] (/Users/wangshangyu/AI information/node_modules/express/lib/router/layer.js:95:5)
    at next (/Users/wangshangyu/AI information/node_modules/express/lib/router/route.js:149:13)
    at Route.dispatch (/Users/wangshangyu/AI information/node_modules/express/lib/router/route.js:119:3)
    at Layer.handle [as handle_request] (/Users/wangshangyu/AI information/node_modules/express/lib/router/layer.js:95:5)
    at /Users/wangshangyu/AI information/node_modules/express/lib/router/index.js:284:15
    at Function.process_params (/Users/wangshangyu/AI information/node_modules/express/lib/router/index.js:346:12)
    at next (/Users/wangshangyu/AI information/node_modules/express/lib/router/index.js:280:10)
[ERROR][2025-04-07T16:00:41.058Z] 获取当前日报时出错: SyntaxError: Expected ',' or '}' after property value in JSON at position 93 (line 5 column 24)
    at JSON.parse (<anonymous>)
    at /Users/wangshangyu/AI information/server.js:1036:29
    at Layer.handle [as handle_request] (/Users/wangshangyu/AI information/node_modules/express/lib/router/layer.js:95:5)
    at next (/Users/wangshangyu/AI information/node_modules/express/lib/router/route.js:149:13)
    at Route.dispatch (/Users/wangshangyu/AI information/node_modules/express/lib/router/route.js:119:3)
    at Layer.handle [as handle_request] (/Users/wangshangyu/AI information/node_modules/express/lib/router/layer.js:95:5)
    at /Users/wangshangyu/AI information/node_modules/express/lib/router/index.js:284:15
    at Function.process_params (/Users/wangshangyu/AI information/node_modules/express/lib/router/index.js:346:12)
    at next (/Users/wangshangyu/AI information/node_modules/express/lib/router/index.js:280:10)
    at SendStream.error (/Users/wangshangyu/AI information/node_modules/serve-static/index.js:121:7)
[ERROR][2025-04-07T16:00:41.067Z] 读取当前日报失败，无法获取当前日期: SyntaxError: Expected ',' or '}' after property value in JSON at position 93 (line 5 column 24)
    at JSON.parse (<anonymous>)
    at getArchivedReports (/Users/wangshangyu/AI information/server.js:991:36)
    at /Users/wangshangyu/AI information/server.js:1048:21
    at Layer.handle [as handle_request] (/Users/wangshangyu/AI information/node_modules/express/lib/router/layer.js:95:5)
    at next (/Users/wangshangyu/AI information/node_modules/express/lib/router/route.js:149:13)
    at Route.dispatch (/Users/wangshangyu/AI information/node_modules/express/lib/router/route.js:119:3)
    at Layer.handle [as handle_request] (/Users/wangshangyu/AI information/node_modules/express/lib/router/layer.js:95:5)
    at /Users/wangshangyu/AI information/node_modules/express/lib/router/index.js:284:15
    at Function.process_params (/Users/wangshangyu/AI information/node_modules/express/lib/router/index.js:346:12)
    at next (/Users/wangshangyu/AI information/node_modules/express/lib/router/index.js:280:10)
[ERROR][2025-04-08T01:46:37.703Z] 获取当前日报时出错: SyntaxError: Expected ',' or '}' after property value in JSON at position 93 (line 5 column 24)
    at JSON.parse (<anonymous>)
    at /Users/wangshangyu/AI information/server.js:1036:29
    at Layer.handle [as handle_request] (/Users/wangshangyu/AI information/node_modules/express/lib/router/layer.js:95:5)
    at next (/Users/wangshangyu/AI information/node_modules/express/lib/router/route.js:149:13)
    at Route.dispatch (/Users/wangshangyu/AI information/node_modules/express/lib/router/route.js:119:3)
    at Layer.handle [as handle_request] (/Users/wangshangyu/AI information/node_modules/express/lib/router/layer.js:95:5)
    at /Users/wangshangyu/AI information/node_modules/express/lib/router/index.js:284:15
    at Function.process_params (/Users/wangshangyu/AI information/node_modules/express/lib/router/index.js:346:12)
    at next (/Users/wangshangyu/AI information/node_modules/express/lib/router/index.js:280:10)
    at SendStream.error (/Users/wangshangyu/AI information/node_modules/serve-static/index.js:121:7)
[ERROR][2025-04-08T01:46:37.734Z] 读取当前日报失败，无法获取当前日期: SyntaxError: Expected ',' or '}' after property value in JSON at position 93 (line 5 column 24)
    at JSON.parse (<anonymous>)
    at getArchivedReports (/Users/wangshangyu/AI information/server.js:991:36)
    at /Users/wangshangyu/AI information/server.js:1048:21
    at Layer.handle [as handle_request] (/Users/wangshangyu/AI information/node_modules/express/lib/router/layer.js:95:5)
    at next (/Users/wangshangyu/AI information/node_modules/express/lib/router/route.js:149:13)
    at Route.dispatch (/Users/wangshangyu/AI information/node_modules/express/lib/router/route.js:119:3)
    at Layer.handle [as handle_request] (/Users/wangshangyu/AI information/node_modules/express/lib/router/layer.js:95:5)
    at /Users/wangshangyu/AI information/node_modules/express/lib/router/index.js:284:15
    at Function.process_params (/Users/wangshangyu/AI information/node_modules/express/lib/router/index.js:346:12)
    at next (/Users/wangshangyu/AI information/node_modules/express/lib/router/index.js:280:10)
[ERROR][2025-04-08T01:46:40.661Z] 获取当前日报时出错: SyntaxError: Expected ',' or '}' after property value in JSON at position 93 (line 5 column 24)
    at JSON.parse (<anonymous>)
    at /Users/wangshangyu/AI information/server.js:1036:29
    at Layer.handle [as handle_request] (/Users/wangshangyu/AI information/node_modules/express/lib/router/layer.js:95:5)
    at next (/Users/wangshangyu/AI information/node_modules/express/lib/router/route.js:149:13)
    at Route.dispatch (/Users/wangshangyu/AI information/node_modules/express/lib/router/route.js:119:3)
    at Layer.handle [as handle_request] (/Users/wangshangyu/AI information/node_modules/express/lib/router/layer.js:95:5)
    at /Users/wangshangyu/AI information/node_modules/express/lib/router/index.js:284:15
    at Function.process_params (/Users/wangshangyu/AI information/node_modules/express/lib/router/index.js:346:12)
    at next (/Users/wangshangyu/AI information/node_modules/express/lib/router/index.js:280:10)
    at SendStream.error (/Users/wangshangyu/AI information/node_modules/serve-static/index.js:121:7)
[ERROR][2025-04-08T01:46:40.663Z] 读取当前日报失败，无法获取当前日期: SyntaxError: Expected ',' or '}' after property value in JSON at position 93 (line 5 column 24)
    at JSON.parse (<anonymous>)
    at getArchivedReports (/Users/wangshangyu/AI information/server.js:991:36)
    at /Users/wangshangyu/AI information/server.js:1048:21
    at Layer.handle [as handle_request] (/Users/wangshangyu/AI information/node_modules/express/lib/router/layer.js:95:5)
    at next (/Users/wangshangyu/AI information/node_modules/express/lib/router/route.js:149:13)
    at Route.dispatch (/Users/wangshangyu/AI information/node_modules/express/lib/router/route.js:119:3)
    at Layer.handle [as handle_request] (/Users/wangshangyu/AI information/node_modules/express/lib/router/layer.js:95:5)
    at /Users/wangshangyu/AI information/node_modules/express/lib/router/index.js:284:15
    at Function.process_params (/Users/wangshangyu/AI information/node_modules/express/lib/router/index.js:346:12)
    at next (/Users/wangshangyu/AI information/node_modules/express/lib/router/index.js:280:10)
[ERROR][2025-04-08T01:46:41.170Z] 获取当前日报时出错: SyntaxError: Expected ',' or '}' after property value in JSON at position 93 (line 5 column 24)
    at JSON.parse (<anonymous>)
    at /Users/wangshangyu/AI information/server.js:1036:29
    at Layer.handle [as handle_request] (/Users/wangshangyu/AI information/node_modules/express/lib/router/layer.js:95:5)
    at next (/Users/wangshangyu/AI information/node_modules/express/lib/router/route.js:149:13)
    at Route.dispatch (/Users/wangshangyu/AI information/node_modules/express/lib/router/route.js:119:3)
    at Layer.handle [as handle_request] (/Users/wangshangyu/AI information/node_modules/express/lib/router/layer.js:95:5)
    at /Users/wangshangyu/AI information/node_modules/express/lib/router/index.js:284:15
    at Function.process_params (/Users/wangshangyu/AI information/node_modules/express/lib/router/index.js:346:12)
    at next (/Users/wangshangyu/AI information/node_modules/express/lib/router/index.js:280:10)
    at SendStream.error (/Users/wangshangyu/AI information/node_modules/serve-static/index.js:121:7)
[ERROR][2025-04-08T01:46:41.172Z] 读取当前日报失败，无法获取当前日期: SyntaxError: Expected ',' or '}' after property value in JSON at position 93 (line 5 column 24)
    at JSON.parse (<anonymous>)
    at getArchivedReports (/Users/wangshangyu/AI information/server.js:991:36)
    at /Users/wangshangyu/AI information/server.js:1048:21
    at Layer.handle [as handle_request] (/Users/wangshangyu/AI information/node_modules/express/lib/router/layer.js:95:5)
    at next (/Users/wangshangyu/AI information/node_modules/express/lib/router/route.js:149:13)
    at Route.dispatch (/Users/wangshangyu/AI information/node_modules/express/lib/router/route.js:119:3)
    at Layer.handle [as handle_request] (/Users/wangshangyu/AI information/node_modules/express/lib/router/layer.js:95:5)
    at /Users/wangshangyu/AI information/node_modules/express/lib/router/index.js:284:15
    at Function.process_params (/Users/wangshangyu/AI information/node_modules/express/lib/router/index.js:346:12)
    at next (/Users/wangshangyu/AI information/node_modules/express/lib/router/index.js:280:10)
[ERROR][2025-04-08T01:46:41.376Z] 获取当前日报时出错: SyntaxError: Expected ',' or '}' after property value in JSON at position 93 (line 5 column 24)
    at JSON.parse (<anonymous>)
    at /Users/wangshangyu/AI information/server.js:1036:29
    at Layer.handle [as handle_request] (/Users/wangshangyu/AI information/node_modules/express/lib/router/layer.js:95:5)
    at next (/Users/wangshangyu/AI information/node_modules/express/lib/router/route.js:149:13)
    at Route.dispatch (/Users/wangshangyu/AI information/node_modules/express/lib/router/route.js:119:3)
    at Layer.handle [as handle_request] (/Users/wangshangyu/AI information/node_modules/express/lib/router/layer.js:95:5)
    at /Users/wangshangyu/AI information/node_modules/express/lib/router/index.js:284:15
    at Function.process_params (/Users/wangshangyu/AI information/node_modules/express/lib/router/index.js:346:12)
    at next (/Users/wangshangyu/AI information/node_modules/express/lib/router/index.js:280:10)
    at SendStream.error (/Users/wangshangyu/AI information/node_modules/serve-static/index.js:121:7)
[ERROR][2025-04-08T01:46:41.377Z] 读取当前日报失败，无法获取当前日期: SyntaxError: Expected ',' or '}' after property value in JSON at position 93 (line 5 column 24)
    at JSON.parse (<anonymous>)
    at getArchivedReports (/Users/wangshangyu/AI information/server.js:991:36)
    at /Users/wangshangyu/AI information/server.js:1048:21
    at Layer.handle [as handle_request] (/Users/wangshangyu/AI information/node_modules/express/lib/router/layer.js:95:5)
    at next (/Users/wangshangyu/AI information/node_modules/express/lib/router/route.js:149:13)
    at Route.dispatch (/Users/wangshangyu/AI information/node_modules/express/lib/router/route.js:119:3)
    at Layer.handle [as handle_request] (/Users/wangshangyu/AI information/node_modules/express/lib/router/layer.js:95:5)
    at /Users/wangshangyu/AI information/node_modules/express/lib/router/index.js:284:15
    at Function.process_params (/Users/wangshangyu/AI information/node_modules/express/lib/router/index.js:346:12)
    at next (/Users/wangshangyu/AI information/node_modules/express/lib/router/index.js:280:10)
[ERROR][2025-04-08T01:46:42.388Z] 获取当前日报时出错: SyntaxError: Expected ',' or '}' after property value in JSON at position 93 (line 5 column 24)
    at JSON.parse (<anonymous>)
    at /Users/wangshangyu/AI information/server.js:1036:29
    at Layer.handle [as handle_request] (/Users/wangshangyu/AI information/node_modules/express/lib/router/layer.js:95:5)
    at next (/Users/wangshangyu/AI information/node_modules/express/lib/router/route.js:149:13)
    at Route.dispatch (/Users/wangshangyu/AI information/node_modules/express/lib/router/route.js:119:3)
    at Layer.handle [as handle_request] (/Users/wangshangyu/AI information/node_modules/express/lib/router/layer.js:95:5)
    at /Users/wangshangyu/AI information/node_modules/express/lib/router/index.js:284:15
    at Function.process_params (/Users/wangshangyu/AI information/node_modules/express/lib/router/index.js:346:12)
    at next (/Users/wangshangyu/AI information/node_modules/express/lib/router/index.js:280:10)
    at SendStream.error (/Users/wangshangyu/AI information/node_modules/serve-static/index.js:121:7)
[ERROR][2025-04-08T01:46:42.390Z] 读取当前日报失败，无法获取当前日期: SyntaxError: Expected ',' or '}' after property value in JSON at position 93 (line 5 column 24)
    at JSON.parse (<anonymous>)
    at getArchivedReports (/Users/wangshangyu/AI information/server.js:991:36)
    at /Users/wangshangyu/AI information/server.js:1048:21
    at Layer.handle [as handle_request] (/Users/wangshangyu/AI information/node_modules/express/lib/router/layer.js:95:5)
    at next (/Users/wangshangyu/AI information/node_modules/express/lib/router/route.js:149:13)
    at Route.dispatch (/Users/wangshangyu/AI information/node_modules/express/lib/router/route.js:119:3)
    at Layer.handle [as handle_request] (/Users/wangshangyu/AI information/node_modules/express/lib/router/layer.js:95:5)
    at /Users/wangshangyu/AI information/node_modules/express/lib/router/index.js:284:15
    at Function.process_params (/Users/wangshangyu/AI information/node_modules/express/lib/router/index.js:346:12)
    at next (/Users/wangshangyu/AI information/node_modules/express/lib/router/index.js:280:10)
[ERROR][2025-04-08T01:46:42.974Z] 获取当前日报时出错: SyntaxError: Expected ',' or '}' after property value in JSON at position 93 (line 5 column 24)
    at JSON.parse (<anonymous>)
    at /Users/wangshangyu/AI information/server.js:1036:29
    at Layer.handle [as handle_request] (/Users/wangshangyu/AI information/node_modules/express/lib/router/layer.js:95:5)
    at next (/Users/wangshangyu/AI information/node_modules/express/lib/router/route.js:149:13)
    at Route.dispatch (/Users/wangshangyu/AI information/node_modules/express/lib/router/route.js:119:3)
    at Layer.handle [as handle_request] (/Users/wangshangyu/AI information/node_modules/express/lib/router/layer.js:95:5)
    at /Users/wangshangyu/AI information/node_modules/express/lib/router/index.js:284:15
    at Function.process_params (/Users/wangshangyu/AI information/node_modules/express/lib/router/index.js:346:12)
    at next (/Users/wangshangyu/AI information/node_modules/express/lib/router/index.js:280:10)
    at SendStream.error (/Users/wangshangyu/AI information/node_modules/serve-static/index.js:121:7)
[ERROR][2025-04-08T01:46:42.976Z] 读取当前日报失败，无法获取当前日期: SyntaxError: Expected ',' or '}' after property value in JSON at position 93 (line 5 column 24)
    at JSON.parse (<anonymous>)
    at getArchivedReports (/Users/wangshangyu/AI information/server.js:991:36)
    at /Users/wangshangyu/AI information/server.js:1048:21
    at Layer.handle [as handle_request] (/Users/wangshangyu/AI information/node_modules/express/lib/router/layer.js:95:5)
    at next (/Users/wangshangyu/AI information/node_modules/express/lib/router/route.js:149:13)
    at Route.dispatch (/Users/wangshangyu/AI information/node_modules/express/lib/router/route.js:119:3)
    at Layer.handle [as handle_request] (/Users/wangshangyu/AI information/node_modules/express/lib/router/layer.js:95:5)
    at /Users/wangshangyu/AI information/node_modules/express/lib/router/index.js:284:15
    at Function.process_params (/Users/wangshangyu/AI information/node_modules/express/lib/router/index.js:346:12)
    at next (/Users/wangshangyu/AI information/node_modules/express/lib/router/index.js:280:10)
[ERROR][2025-04-08T01:46:52.805Z] 获取当前日报时出错: SyntaxError: Expected ',' or '}' after property value in JSON at position 93 (line 5 column 24)
    at JSON.parse (<anonymous>)
    at /Users/wangshangyu/AI information/server.js:1036:29
    at Layer.handle [as handle_request] (/Users/wangshangyu/AI information/node_modules/express/lib/router/layer.js:95:5)
    at next (/Users/wangshangyu/AI information/node_modules/express/lib/router/route.js:149:13)
    at Route.dispatch (/Users/wangshangyu/AI information/node_modules/express/lib/router/route.js:119:3)
    at Layer.handle [as handle_request] (/Users/wangshangyu/AI information/node_modules/express/lib/router/layer.js:95:5)
    at /Users/wangshangyu/AI information/node_modules/express/lib/router/index.js:284:15
    at Function.process_params (/Users/wangshangyu/AI information/node_modules/express/lib/router/index.js:346:12)
    at next (/Users/wangshangyu/AI information/node_modules/express/lib/router/index.js:280:10)
    at SendStream.error (/Users/wangshangyu/AI information/node_modules/serve-static/index.js:121:7)
[ERROR][2025-04-08T01:46:56.192Z] 获取当前日报时出错: SyntaxError: Expected ',' or '}' after property value in JSON at position 93 (line 5 column 24)
    at JSON.parse (<anonymous>)
    at /Users/wangshangyu/AI information/server.js:1036:29
    at Layer.handle [as handle_request] (/Users/wangshangyu/AI information/node_modules/express/lib/router/layer.js:95:5)
    at next (/Users/wangshangyu/AI information/node_modules/express/lib/router/route.js:149:13)
    at Route.dispatch (/Users/wangshangyu/AI information/node_modules/express/lib/router/route.js:119:3)
    at Layer.handle [as handle_request] (/Users/wangshangyu/AI information/node_modules/express/lib/router/layer.js:95:5)
    at /Users/wangshangyu/AI information/node_modules/express/lib/router/index.js:284:15
    at Function.process_params (/Users/wangshangyu/AI information/node_modules/express/lib/router/index.js:346:12)
    at next (/Users/wangshangyu/AI information/node_modules/express/lib/router/index.js:280:10)
    at SendStream.error (/Users/wangshangyu/AI information/node_modules/serve-static/index.js:121:7)
[ERROR][2025-04-08T01:46:56.206Z] 读取当前日报失败，无法获取当前日期: SyntaxError: Expected ',' or '}' after property value in JSON at position 93 (line 5 column 24)
    at JSON.parse (<anonymous>)
    at getArchivedReports (/Users/wangshangyu/AI information/server.js:991:36)
    at /Users/wangshangyu/AI information/server.js:1048:21
    at Layer.handle [as handle_request] (/Users/wangshangyu/AI information/node_modules/express/lib/router/layer.js:95:5)
    at next (/Users/wangshangyu/AI information/node_modules/express/lib/router/route.js:149:13)
    at Route.dispatch (/Users/wangshangyu/AI information/node_modules/express/lib/router/route.js:119:3)
    at Layer.handle [as handle_request] (/Users/wangshangyu/AI information/node_modules/express/lib/router/layer.js:95:5)
    at /Users/wangshangyu/AI information/node_modules/express/lib/router/index.js:284:15
    at Function.process_params (/Users/wangshangyu/AI information/node_modules/express/lib/router/index.js:346:12)
    at next (/Users/wangshangyu/AI information/node_modules/express/lib/router/index.js:280:10)
[ERROR][2025-04-08T01:49:20.746Z] 获取当前日报时出错: SyntaxError: Expected ',' or '}' after property value in JSON at position 93 (line 5 column 24)
    at JSON.parse (<anonymous>)
    at /Users/wangshangyu/AI information/server.js:1036:29
    at Layer.handle [as handle_request] (/Users/wangshangyu/AI information/node_modules/express/lib/router/layer.js:95:5)
    at next (/Users/wangshangyu/AI information/node_modules/express/lib/router/route.js:149:13)
    at Route.dispatch (/Users/wangshangyu/AI information/node_modules/express/lib/router/route.js:119:3)
    at Layer.handle [as handle_request] (/Users/wangshangyu/AI information/node_modules/express/lib/router/layer.js:95:5)
    at /Users/wangshangyu/AI information/node_modules/express/lib/router/index.js:284:15
    at Function.process_params (/Users/wangshangyu/AI information/node_modules/express/lib/router/index.js:346:12)
    at next (/Users/wangshangyu/AI information/node_modules/express/lib/router/index.js:280:10)
    at SendStream.error (/Users/wangshangyu/AI information/node_modules/serve-static/index.js:121:7)
[ERROR][2025-04-08T01:49:20.772Z] 读取当前日报失败，无法获取当前日期: SyntaxError: Expected ',' or '}' after property value in JSON at position 93 (line 5 column 24)
    at JSON.parse (<anonymous>)
    at getArchivedReports (/Users/wangshangyu/AI information/server.js:991:36)
    at /Users/wangshangyu/AI information/server.js:1048:21
    at Layer.handle [as handle_request] (/Users/wangshangyu/AI information/node_modules/express/lib/router/layer.js:95:5)
    at next (/Users/wangshangyu/AI information/node_modules/express/lib/router/route.js:149:13)
    at Route.dispatch (/Users/wangshangyu/AI information/node_modules/express/lib/router/route.js:119:3)
    at Layer.handle [as handle_request] (/Users/wangshangyu/AI information/node_modules/express/lib/router/layer.js:95:5)
    at /Users/wangshangyu/AI information/node_modules/express/lib/router/index.js:284:15
    at Function.process_params (/Users/wangshangyu/AI information/node_modules/express/lib/router/index.js:346:12)
    at next (/Users/wangshangyu/AI information/node_modules/express/lib/router/index.js:280:10)
[ERROR][2025-04-08T01:49:22.550Z] 读取当前日报失败，无法获取当前日期: SyntaxError: Expected ',' or '}' after property value in JSON at position 93 (line 5 column 24)
    at JSON.parse (<anonymous>)
    at getArchivedReports (/Users/wangshangyu/AI information/server.js:991:36)
    at /Users/wangshangyu/AI information/server.js:1048:21
    at Layer.handle [as handle_request] (/Users/wangshangyu/AI information/node_modules/express/lib/router/layer.js:95:5)
    at next (/Users/wangshangyu/AI information/node_modules/express/lib/router/route.js:149:13)
    at Route.dispatch (/Users/wangshangyu/AI information/node_modules/express/lib/router/route.js:119:3)
    at Layer.handle [as handle_request] (/Users/wangshangyu/AI information/node_modules/express/lib/router/layer.js:95:5)
    at /Users/wangshangyu/AI information/node_modules/express/lib/router/index.js:284:15
    at Function.process_params (/Users/wangshangyu/AI information/node_modules/express/lib/router/index.js:346:12)
    at next (/Users/wangshangyu/AI information/node_modules/express/lib/router/index.js:280:10)
[ERROR][2025-04-08T01:49:22.555Z] 获取当前日报时出错: SyntaxError: Expected ',' or '}' after property value in JSON at position 93 (line 5 column 24)
    at JSON.parse (<anonymous>)
    at /Users/wangshangyu/AI information/server.js:1036:29
    at Layer.handle [as handle_request] (/Users/wangshangyu/AI information/node_modules/express/lib/router/layer.js:95:5)
    at next (/Users/wangshangyu/AI information/node_modules/express/lib/router/route.js:149:13)
    at Route.dispatch (/Users/wangshangyu/AI information/node_modules/express/lib/router/route.js:119:3)
    at Layer.handle [as handle_request] (/Users/wangshangyu/AI information/node_modules/express/lib/router/layer.js:95:5)
    at /Users/wangshangyu/AI information/node_modules/express/lib/router/index.js:284:15
    at Function.process_params (/Users/wangshangyu/AI information/node_modules/express/lib/router/index.js:346:12)
    at next (/Users/wangshangyu/AI information/node_modules/express/lib/router/index.js:280:10)
    at SendStream.error (/Users/wangshangyu/AI information/node_modules/serve-static/index.js:121:7)
[ERROR][2025-04-08T02:06:31.865Z] 从 36Kr科技 (https://rsshub.rssforever.com/36kr/motif/327686782977) 获取RSS时出错: Error: Request timed out after 60000ms
    at Timeout.<anonymous> (/Users/wangshangyu/AI information/node_modules/rss-parser/lib/parser.js:101:23)
    at listOnTimeout (node:internal/timers:594:17)
    at process.processTimers (node:internal/timers:529:7)
[ERROR][2025-04-08T02:06:39.909Z] 警告: 筛选后新闻数量偏少(4条)，可能需要调整筛选条件或添加更多RSS源 
[ERROR][2025-04-08T03:27:07.510Z] 从 36Kr科技 (https://rsshub.rssforever.com/36kr/motif/327686782977) 获取RSS时出错: Error: Request timed out after 60000ms
    at Timeout.<anonymous> (/Users/wangshangyu/AI information/node_modules/rss-parser/lib/parser.js:101:23)
    at listOnTimeout (node:internal/timers:594:17)
    at process.processTimers (node:internal/timers:529:7)
[ERROR][2025-04-08T03:27:13.369Z] 警告: 筛选后新闻数量偏少(1条)，可能需要调整筛选条件或添加更多RSS源 
[ERROR][2025-04-08T03:30:17.257Z] 从 36Kr科技 (https://rsshub.rssforever.com/36kr/motif/327686782977) 获取RSS时出错: Error: Request timed out after 60000ms
    at Timeout.<anonymous> (/Users/wangshangyu/AI information/node_modules/rss-parser/lib/parser.js:101:23)
    at listOnTimeout (node:internal/timers:594:17)
    at process.processTimers (node:internal/timers:529:7)
[ERROR][2025-04-08T03:30:17.266Z] 警告: 筛选后新闻数量偏少(0条)，可能需要调整筛选条件或添加更多RSS源 
[ERROR][2025-04-08T03:31:54.570Z] 从 36Kr科技 (https://rsshub.rssforever.com/36kr/motif/327686782977) 获取RSS时出错: Error: Request timed out after 60000ms
    at Timeout.<anonymous> (/Users/wangshangyu/AI information/node_modules/rss-parser/lib/parser.js:101:23)
    at listOnTimeout (node:internal/timers:594:17)
    at process.processTimers (node:internal/timers:529:7)
[ERROR][2025-04-08T03:32:01.292Z] 警告: 筛选后新闻数量偏少(4条)，可能需要调整筛选条件或添加更多RSS源 
[ERROR][2025-04-08T03:38:57.310Z] 从 量子位镜像 (https://rsshub.rssforever.com/qbitai) 获取RSS时出错: Error: Status code 404
    at ClientRequest.<anonymous> (/Users/wangshangyu/AI information/node_modules/rss-parser/lib/parser.js:88:25)
    at Object.onceWrapper (node:events:639:26)
    at ClientRequest.emit (node:events:524:28)
    at HTTPParser.parserOnIncomingClient (node:_http_client:716:27)
    at HTTPParser.parserOnHeadersComplete (node:_http_common:117:17)
    at TLSSocket.socketOnData (node:_http_client:558:22)
    at TLSSocket.emit (node:events:524:28)
    at addChunk (node:internal/streams/readable:561:12)
    at readableAddChunkPushByteMode (node:internal/streams/readable:512:3)
    at Readable.push (node:internal/streams/readable:392:5)
